Arguments: 
  /home/manan/.nvm/versions/node/v16.15.0/bin/node /home/manan/.yarn/bin/yarn.js add tsx

PATH: 
  /home/manan/.nvm/versions/node/v16.15.0/bin:/home/manan/.yarn/bin:/home/manan/.config/yarn/global/node_modules/.bin:/home/manan/.config/cmd/:/home/manan/.local/share/pnpm:/home/linuxbrew/.linuxbrew/bin:/home/linuxbrew/.linuxbrew/sbin:/home/linuxbrew/.linuxbrew/opt/llvm/bin:/home/manan/.cargo/bin:/home/manan/.yarn/bin:/home/manan/.config/yarn/global/node_modules/.bin:/home/manan/notes/configs:/home/manan/.local/bin:/home/manan/.yarn/bin:/home/manan/.config/yarn/global/node_modules/.bin:/home/manan/.config/cmd/:/home/manan/.local/share/pnpm:/home/linuxbrew/.linuxbrew/bin:/home/linuxbrew/.linuxbrew/sbin:/home/linuxbrew/.linuxbrew/opt/llvm/bin:/home/manan/.cargo/bin:/home/manan/.yarn/bin:/home/manan/.config/yarn/global/node_modules/.bin:/home/manan/notes/configs:/home/manan/.local/bin:/usr/local/sbin:/usr/local/bin:/usr/sbin:/usr/bin:/sbin:/bin:/usr/games:/usr/local/games:/usr/lib/wsl/lib:/mnt/c/WINDOWS/system32:/mnt/c/WINDOWS:/mnt/c/WINDOWS/System32/Wbem:/mnt/c/WINDOWS/System32/WindowsPowerShell/v1.0/:/mnt/c/WINDOWS/System32/OpenSSH/:/mnt/c/ProgramData/chocolatey/bin:/mnt/c/Program Files/Docker/Docker/resources/bin:/mnt/c/ProgramData/DockerDesktop/version-bin:/wsl.localhost/Ubuntu/home/manan/code/go/bin:/mnt/c/Program Files/Git/cmd:/mnt/c/Users/abdel/AppData/Local/Microsoft/WindowsApps:/mnt/c/Program Files (x86)/GitHub CLI/:/mnt/c/Users/abdel/go/bin:/mnt/c/Users/abdel/AppData/Local/Programs/Microsoft VS Code/bin:/mnt/c/Users/abdel/AppData/Local/Google/Cloud SDK/google-cloud-sdk/bin:/mnt/c/Users/abdel/AppData/Local/Programs/oh-my-posh/bin:/mnt/c/Users/abdel/AppData/Local/Microsoft/WindowsApps:/mnt/c/Users/abdel/Local/Android/Sdk/emulator/:/usr/local/go-1.19/bin:/home/manan/code/go/bin:/home/manan/flutter/bin:/home/manan/flutter/bin/cache/dart-sdk/bin:/usr/lib/jvm/java-8-openjdk-amd64/bin:/home/manan/Android/tools/bin:/home/manan/Android/platform-tools/bin:/usr/lib/jvm/java-8-openjdk-amd64/bin:/home/manan/Android/tools:/home/manan/Android/platform-tools:/usr/local/go-1.19/bin:/home/manan/code/go/bin:/home/manan/flutter/bin:/home/manan/flutter/bin/cache/dart-sdk/bin:/usr/lib/jvm/java-8-openjdk-amd64/bin:/home/manan/Android/tools/bin:/home/manan/Android/platform-tools/bin:/usr/lib/jvm/java-8-openjdk-amd64/bin:/home/manan/Android/tools:/home/manan/Android/platform-tools

Yarn version: 
  1.22.19

Node version: 
  16.15.0

Platform: 
  linux x64

Trace: 
  SyntaxError: /home/manan/code/projects-2023/emum_ts/package.json: Unexpected string in JSON at position 145
      at JSON.parse (<anonymous>)
      at /home/manan/.yarn/lib/cli.js:1629:59
      at Generator.next (<anonymous>)
      at step (/home/manan/.yarn/lib/cli.js:310:30)
      at /home/manan/.yarn/lib/cli.js:321:13

npm manifest: 
  {
    "name": "emum_ts",
    "version": "1.0.0",
    "description": "",
    "main": "index.js",
    "scripts": {
      "test": "tsx ./examples/index.ts"
      "test": "echo \"Error: no test specified\" && exit 1"
    },
    "keywords": [],
    "author": "",
    "license": "ISC",
    "dependencies": {
      "@types/node": "^18.11.18",
      "typescript": "^4.9.4",
      "uuid": "^9.0.0"
    }
  }

yarn manifest: 
  No manifest

Lockfile: 
  # THIS IS AN AUTOGENERATED FILE. DO NOT EDIT THIS FILE DIRECTLY.
  # yarn lockfile v1
  
  
  "@types/node@^18.11.18":
    version "18.11.18"
    resolved "https://registry.yarnpkg.com/@types/node/-/node-18.11.18.tgz#8dfb97f0da23c2293e554c5a50d61ef134d7697f"
    integrity sha512-DHQpWGjyQKSHj3ebjFI/wRKcqQcdR+MoFBygntYOZytCqNfkd2ZC4ARDJ2DQqhjH5p85Nnd3jhUJIXrszFX/JA==
  
  typescript@^4.9.4:
    version "4.9.4"
    resolved "https://registry.yarnpkg.com/typescript/-/typescript-4.9.4.tgz#a2a3d2756c079abda241d75f149df9d561091e78"
    integrity sha512-Uz+dTXYzxXXbsFpM86Wh3dKCxrQqUcVMxwU54orwlJjOpO3ao8L7j5lH+dWfTwgCwIuM9GQ2kvVotzYJMXTBZg==
  
  uuid@^9.0.0:
    version "9.0.0"
    resolved "https://registry.yarnpkg.com/uuid/-/uuid-9.0.0.tgz#592f550650024a38ceb0c562f2f6aa435761efb5"
    integrity sha512-MXcSTerfPa4uqyzStbRoTgt5XIe3x5+42+q1sDuy3R5MDk66URdLMOZe5aPX/SQd+kuYAh0FdP/pO28IkQyTeg==
